This is pdfTeX, Version 3.14159265-2.6-1.40.16 (TeX Live 2015/Debian) (preloaded format=pdflatex 2018.4.23)  23 APR 2018 23:04
entering extended mode
 restricted \write18 enabled.
 %&-line parsing enabled.
**main.tex
(./main.tex
LaTeX2e <2016/02/01>
Babel <3.9q> and hyphenation patterns for 5 language(s) loaded.
(./template/thesisClass.cls

LaTeX Warning: You have requested document class `template/thesisClass',
               but the document class provides `thesis'.

Document Class: thesis 2005/11/10 version 0.3.2 JHU Thesis Class

Class thesis Warning: Option 'letterpaper' superfluous. Ignored. on input line 
114.

(./template/jhu12.clo)
\descriptionmargin=\dimen102
\c@part=\count79
\c@chapter=\count80
\c@section=\count81
\c@subsection=\count82
\c@subsubsection=\count83
\c@paragraph=\count84
\c@subparagraph=\count85
\c@figure=\count86
\c@table=\count87
)
(/usr/share/texlive/texmf-dist/tex/latex/acronym/acronym.sty
Package: acronym 2015/03/21 v1.41 Support for acronyms (Tobias Oetiker)

(/usr/share/texlive/texmf-dist/tex/latex/bigfoot/suffix.sty
Package: suffix 2006/07/15 1.5a Variant command support
)
(/usr/share/texlive/texmf-dist/tex/generic/xstring/xstring.sty
(/usr/share/texlive/texmf-dist/tex/generic/xstring/xstring.tex
\@xs@message=\write3
\integerpart=\count88
\decimalpart=\count89
)
Package: xstring 2013/10/13  v1.7c  String manipulations (C Tellechea)
)
\AC@clearlist=\toks14
)
(/usr/share/texlive/texmf-dist/tex/latex/cite/cite.sty
LaTeX Info: Redefining \cite on input line 302.
LaTeX Info: Redefining \nocite on input line 332.
Package: cite 2015/02/27  v 5.5
)
(/usr/share/texlive/texmf-dist/tex/latex/amsmath/amsmath.sty
Package: amsmath 2016/03/03 v2.15a AMS math features
\@mathmargin=\skip41

For additional information on amsmath, use the `?' option.
(/usr/share/texlive/texmf-dist/tex/latex/amsmath/amstext.sty
Package: amstext 2000/06/29 v2.01 AMS text

(/usr/share/texlive/texmf-dist/tex/latex/amsmath/amsgen.sty
File: amsgen.sty 1999/11/30 v2.0 generic functions
\@emptytoks=\toks15
\ex@=\dimen103
))
(/usr/share/texlive/texmf-dist/tex/latex/amsmath/amsbsy.sty
Package: amsbsy 1999/11/29 v1.2d Bold Symbols
\pmbraise@=\dimen104
)
(/usr/share/texlive/texmf-dist/tex/latex/amsmath/amsopn.sty
Package: amsopn 1999/12/14 v2.01 operator names
)
\inf@bad=\count90
LaTeX Info: Redefining \frac on input line 199.
\uproot@=\count91
\leftroot@=\count92
LaTeX Info: Redefining \overline on input line 297.
\classnum@=\count93
\DOTSCASE@=\count94
LaTeX Info: Redefining \ldots on input line 394.
LaTeX Info: Redefining \dots on input line 397.
LaTeX Info: Redefining \cdots on input line 518.
\Mathstrutbox@=\box26
\strutbox@=\box27
\big@size=\dimen105
LaTeX Font Info:    Redeclaring font encoding OML on input line 630.
LaTeX Font Info:    Redeclaring font encoding OMS on input line 631.
\macc@depth=\count95
\c@MaxMatrixCols=\count96
\dotsspace@=\muskip10
\c@parentequation=\count97
\dspbrk@lvl=\count98
\tag@help=\toks16
\row@=\count99
\column@=\count100
\maxfields@=\count101
\andhelp@=\toks17
\eqnshift@=\dimen106
\alignsep@=\dimen107
\tagshift@=\dimen108
\tagwidth@=\dimen109
\totwidth@=\dimen110
\lineht@=\dimen111
\@envbody=\toks18
\multlinegap=\skip42
\multlinetaggap=\skip43
\mathdisplay@stack=\toks19
LaTeX Info: Redefining \[ on input line 2735.
LaTeX Info: Redefining \] on input line 2736.
)
(/usr/share/texlive/texmf-dist/tex/latex/amsfonts/amsfonts.sty
Package: amsfonts 2013/01/14 v3.01 Basic AMSFonts support
\symAMSa=\mathgroup4
\symAMSb=\mathgroup5
LaTeX Font Info:    Overwriting math alphabet `\mathfrak' in version `bold'
(Font)                  U/euf/m/n --> U/euf/b/n on input line 106.
)
(/usr/share/texlive/texmf-dist/tex/latex/graphics/graphicx.sty
Package: graphicx 2014/10/28 v1.0g Enhanced LaTeX Graphics (DPC,SPQR)

(/usr/share/texlive/texmf-dist/tex/latex/graphics/keyval.sty
Package: keyval 2014/10/28 v1.15 key=value parser (DPC)
\KV@toks@=\toks20
)
(/usr/share/texlive/texmf-dist/tex/latex/graphics/graphics.sty
Package: graphics 2016/01/03 v1.0q Standard LaTeX Graphics (DPC,SPQR)

(/usr/share/texlive/texmf-dist/tex/latex/graphics/trig.sty
Package: trig 2016/01/03 v1.10 sin cos tan (DPC)
)
(/usr/share/texlive/texmf-dist/tex/latex/latexconfig/graphics.cfg
File: graphics.cfg 2010/04/23 v1.9 graphics configuration of TeX Live
)
Package graphics Info: Driver file: pdftex.def on input line 95.

(/usr/share/texlive/texmf-dist/tex/latex/pdftex-def/pdftex.def
File: pdftex.def 2011/05/27 v0.06d Graphics/color for pdfTeX

(/usr/share/texlive/texmf-dist/tex/generic/oberdiek/infwarerr.sty
Package: infwarerr 2010/04/08 v1.3 Providing info/warning/error messages (HO)
)
(/usr/share/texlive/texmf-dist/tex/generic/oberdiek/ltxcmds.sty
Package: ltxcmds 2011/11/09 v1.22 LaTeX kernel commands for general use (HO)
)
\Gread@gobject=\count102
))
\Gin@req@height=\dimen112
\Gin@req@width=\dimen113
)
(/usr/share/texlive/texmf-dist/tex/latex/base/fixltx2e.sty
Package: fixltx2e 2015/06/22 v2.0b fixes to LaTeX (obsolete)


Package fixltx2e Warning: fixltx2e is not required with releases after 2015
(fixltx2e)                All fixes are now in the LaTeX kernel.
(fixltx2e)                See the latexrelease package for details.

) (/usr/share/texlive/texmf-dist/tex/latex/tools/array.sty
Package: array 2014/10/28 v2.4c Tabular extension package (FMi)
\col@sep=\dimen114
\extrarowheight=\dimen115
\NC@list=\toks21
\extratabsurround=\skip44
\backup@length=\skip45
)
(/usr/share/texlive/texmf-dist/tex/latex/wrapfig/wrapfig.sty
\wrapoverhang=\dimen116
\WF@size=\dimen117
\c@WF@wrappedlines=\count103
\WF@box=\box28
\WF@everypar=\toks22
Package: wrapfig 2003/01/31  v 3.6
)
(/usr/share/texlive/texmf-dist/tex/latex/xcolor/xcolor.sty
Package: xcolor 2007/01/21 v2.11 LaTeX color extensions (UK)

(/usr/share/texlive/texmf-dist/tex/latex/latexconfig/color.cfg
File: color.cfg 2007/01/18 v1.5 color configuration of teTeX/TeXLive
)
Package xcolor Info: Driver file: pdftex.def on input line 225.
Package xcolor Info: Model `cmy' substituted by `cmy0' on input line 1337.
Package xcolor Info: Model `hsb' substituted by `rgb' on input line 1341.
Package xcolor Info: Model `RGB' extended on input line 1353.
Package xcolor Info: Model `HTML' substituted by `rgb' on input line 1355.
Package xcolor Info: Model `Hsb' substituted by `hsb' on input line 1356.
Package xcolor Info: Model `tHsb' substituted by `hsb' on input line 1357.
Package xcolor Info: Model `HSB' substituted by `hsb' on input line 1358.
Package xcolor Info: Model `Gray' substituted by `gray' on input line 1359.
Package xcolor Info: Model `wave' substituted by `hsb' on input line 1360.

(/usr/share/texlive/texmf-dist/tex/latex/graphics/dvipsnam.def
File: dvipsnam.def 2015/12/30 v3.0k Driver-dependent file (DPC,SPQR)
))
(/usr/share/texlive/texmf-dist/tex/latex/fancyhdr/fancyhdr.sty
\fancy@headwidth=\skip46
\f@ncyO@elh=\skip47
\f@ncyO@erh=\skip48
\f@ncyO@olh=\skip49
\f@ncyO@orh=\skip50
\f@ncyO@elf=\skip51
\f@ncyO@erf=\skip52
\f@ncyO@olf=\skip53
\f@ncyO@orf=\skip54
)
(/usr/share/texlive/texmf-dist/tex/latex/base/ifthen.sty
Package: ifthen 2014/09/29 v1.1c Standard LaTeX ifthen package (DPC)
)
(/usr/share/texlive/texmf-dist/tex/latex/lettrine/lettrine.sty
File: lettrine.sty 2015/08/31 v1.9 (Daniel Flipo)
\c@DefaultLines=\count104
\c@DefaultDepth=\count105
\DefaultFindent=\dimen118
\DefaultNindent=\dimen119
\DefaultSlope=\dimen120
\DiscardVskip=\dimen121
\L@lbox=\box29
\L@tbox=\box30
\c@L@lines=\count106
\c@L@depth=\count107
\L@Pindent=\dimen122
\L@Findent=\dimen123
\L@Nindent=\dimen124
\L@lraise=\dimen125
\L@first=\dimen126
\L@next=\dimen127
\L@slope=\dimen128
\L@height=\dimen129
\L@novskip=\dimen130
\LettrineWidth=\dimen131
\LettrineHeight=\dimen132
\LettrineDepth=\dimen133

Loading lettrine.cfg
(/usr/share/texlive/texmf-dist/tex/latex/lettrine/lettrine.cfg))
(/usr/share/texlive/texmf-dist/tex/latex/multirow/multirow.sty
\bigstrutjot=\dimen134
)
(/usr/share/texlive/texmf-dist/tex/latex/hyperref/hyperref.sty
Package: hyperref 2012/11/06 v6.83m Hypertext links for LaTeX

(/usr/share/texlive/texmf-dist/tex/generic/oberdiek/hobsub-hyperref.sty
Package: hobsub-hyperref 2012/05/28 v1.13 Bundle oberdiek, subset hyperref (HO)


(/usr/share/texlive/texmf-dist/tex/generic/oberdiek/hobsub-generic.sty
Package: hobsub-generic 2012/05/28 v1.13 Bundle oberdiek, subset generic (HO)
Package: hobsub 2012/05/28 v1.13 Construct package bundles (HO)
Package hobsub Info: Skipping package `infwarerr' (already loaded).
Package hobsub Info: Skipping package `ltxcmds' (already loaded).
Package: ifluatex 2010/03/01 v1.3 Provides the ifluatex switch (HO)
Package ifluatex Info: LuaTeX not detected.
Package: ifvtex 2010/03/01 v1.5 Detect VTeX and its facilities (HO)
Package ifvtex Info: VTeX not detected.
Package: intcalc 2007/09/27 v1.1 Expandable calculations with integers (HO)
Package: ifpdf 2011/01/30 v2.3 Provides the ifpdf switch (HO)
Package ifpdf Info: pdfTeX in PDF mode is detected.
Package: etexcmds 2011/02/16 v1.5 Avoid name clashes with e-TeX commands (HO)
Package etexcmds Info: Could not find \expanded.
(etexcmds)             That can mean that you are not using pdfTeX 1.50 or
(etexcmds)             that some package has redefined \expanded.
(etexcmds)             In the latter case, load this package earlier.
Package: kvsetkeys 2012/04/25 v1.16 Key value parser (HO)
Package: kvdefinekeys 2011/04/07 v1.3 Define keys (HO)
Package: pdftexcmds 2011/11/29 v0.20 Utility functions of pdfTeX for LuaTeX (HO
)
Package pdftexcmds Info: LuaTeX not detected.
Package pdftexcmds Info: \pdf@primitive is available.
Package pdftexcmds Info: \pdf@ifprimitive is available.
Package pdftexcmds Info: \pdfdraftmode found.
Package: pdfescape 2011/11/25 v1.13 Implements pdfTeX's escape features (HO)
Package: bigintcalc 2012/04/08 v1.3 Expandable calculations on big integers (HO
)
Package: bitset 2011/01/30 v1.1 Handle bit-vector datatype (HO)
Package: uniquecounter 2011/01/30 v1.2 Provide unlimited unique counter (HO)
)
Package hobsub Info: Skipping package `hobsub' (already loaded).
Package: letltxmacro 2010/09/02 v1.4 Let assignment for LaTeX macros (HO)
Package: hopatch 2012/05/28 v1.2 Wrapper for package hooks (HO)
Package: xcolor-patch 2011/01/30 xcolor patch
Package: atveryend 2011/06/30 v1.8 Hooks at the very end of document (HO)
Package atveryend Info: \enddocument detected (standard20110627).
Package: atbegshi 2011/10/05 v1.16 At begin shipout hook (HO)
Package: refcount 2011/10/16 v3.4 Data extraction from label references (HO)
Package: hycolor 2011/01/30 v1.7 Color options for hyperref/bookmark (HO)
)
(/usr/share/texlive/texmf-dist/tex/generic/ifxetex/ifxetex.sty
Package: ifxetex 2010/09/12 v0.6 Provides ifxetex conditional
)
(/usr/share/texlive/texmf-dist/tex/latex/oberdiek/auxhook.sty
Package: auxhook 2011/03/04 v1.3 Hooks for auxiliary files (HO)
)
(/usr/share/texlive/texmf-dist/tex/latex/oberdiek/kvoptions.sty
Package: kvoptions 2011/06/30 v3.11 Key value format for package options (HO)
)
\@linkdim=\dimen135
\Hy@linkcounter=\count108
\Hy@pagecounter=\count109

(/usr/share/texlive/texmf-dist/tex/latex/hyperref/pd1enc.def
File: pd1enc.def 2012/11/06 v6.83m Hyperref: PDFDocEncoding definition (HO)
)
\Hy@SavedSpaceFactor=\count110

(/usr/share/texlive/texmf-dist/tex/latex/latexconfig/hyperref.cfg
File: hyperref.cfg 2002/06/06 v1.2 hyperref configuration of TeXLive
)
Package hyperref Info: Option `final' set `true' on input line 4319.
Package hyperref Info: Hyper figures OFF on input line 4443.
Package hyperref Info: Link nesting OFF on input line 4448.
Package hyperref Info: Hyper index ON on input line 4451.
Package hyperref Info: Plain pages OFF on input line 4458.
Package hyperref Info: Backreferencing OFF on input line 4463.
Package hyperref Info: Implicit mode ON; LaTeX internals redefined.
Package hyperref Info: Bookmarks ON on input line 4688.
\c@Hy@tempcnt=\count111

(/usr/share/texlive/texmf-dist/tex/latex/url/url.sty
\Urlmuskip=\muskip11
Package: url 2013/09/16  ver 3.4  Verb mode for urls, etc.
)
LaTeX Info: Redefining \url on input line 5041.
\XeTeXLinkMargin=\dimen136
\Fld@menulength=\count112
\Field@Width=\dimen137
\Fld@charsize=\dimen138
Package hyperref Info: Hyper figures OFF on input line 6295.
Package hyperref Info: Link nesting OFF on input line 6300.
Package hyperref Info: Hyper index ON on input line 6303.
Package hyperref Info: backreferencing OFF on input line 6310.
Package hyperref Info: Link coloring OFF on input line 6315.
Package hyperref Info: Link coloring with OCG OFF on input line 6320.
Package hyperref Info: PDF/A mode OFF on input line 6325.
LaTeX Info: Redefining \ref on input line 6365.
LaTeX Info: Redefining \pageref on input line 6369.
\Hy@abspage=\count113
\c@Item=\count114
\c@Hfootnote=\count115
)

Package hyperref Message: Driver (autodetected): hpdftex.

(/usr/share/texlive/texmf-dist/tex/latex/hyperref/hpdftex.def
File: hpdftex.def 2012/11/06 v6.83m Hyperref driver for pdfTeX
\Fld@listcount=\count116
\c@bookmark@seq@number=\count117

(/usr/share/texlive/texmf-dist/tex/latex/oberdiek/rerunfilecheck.sty
Package: rerunfilecheck 2011/04/15 v1.7 Rerun checks for auxiliary files (HO)
Package uniquecounter Info: New unique counter `rerunfilecheck' on input line 2
82.
)
\Hy@SectionHShift=\skip55
)
(/usr/share/texlive/texmf-dist/tex/latex/caption/caption.sty
Package: caption 2016/02/21 v3.3-144 Customizing captions (AR)

(/usr/share/texlive/texmf-dist/tex/latex/caption/caption3.sty
Package: caption3 2016/02/04 v1.7-139 caption3 kernel (AR)
Package caption3 Info: TeX engine: e-TeX on input line 67.
\captionmargin=\dimen139
\captionmargin@=\dimen140
\captionwidth=\dimen141
\caption@tempdima=\dimen142
\caption@indent=\dimen143
\caption@parindent=\dimen144
\caption@hangindent=\dimen145
\abovecaptionskip=\skip56
\belowcaptionskip=\skip57
Package caption Info: Unknown document class (or package),
(caption)             standard defaults will be used.
)

Package caption Warning: Unsupported document class (or package) detected,
(caption)                usage of the caption package is not recommended.
See the caption package documentation for explanation.

Package caption Info: \@makecaption = \long macro:#1#2->\par \ifdim \prevdepth 
>-\p@ \vskip 10\p@ \relax \fi \setbox \@tempboxa \hbox {\vbox to\topskip {}#1: 
#2\unskip \strut }\ifdim \wd \@tempboxa >0.8\hsize {\ssp \centering \parbox {0.
8\hsize }{\centering #1: #2}\unskip \strut \par } \else \hbox to\hsize {\hfil \
unhbox \@tempboxa \hfil }\fi .
\c@ContinuedFloat=\count118
Package caption Info: hyperref package is loaded.
Package caption Info: wrapfig package is loaded.
) (/usr/share/texlive/texmf-dist/tex/latex/epigraph/epigraph.sty
Package: epigraph 2009/09/02 v1.5c typesetting epigraphs
\beforeepigraphskip=\skip58
\afterepigraphskip=\skip59
\epigraphwidth=\skip60
\epigraphrule=\skip61
)
(/usr/share/texlive/texmf-dist/tex/latex/setspace/setspace.sty
Package: setspace 2011/12/19 v6.7a set line spacing
)
(/usr/share/texlive/texmf-dist/tex/latex/subfigure/subfigure.sty
Package: subfigure 2002/03/15 v2.1.5 subfigure package


Package subfigure Warning: Your document class has a bad definition
 of \endfigure, most likely
 \let\endfigure=\end@float
 which has now been changed to
 \def\endfigure{\end@float}
 because otherwise subsequent changes to \end@float
 (like done by several packages changing float behaviour)
 can't take effect on \endfigure.
 Please complain to your document class author.


Package subfigure Warning: Your document class has a bad definition
 of \endtable, most likely
 \let\endtable=\end@float
 which has now been changed to
 \def\endtable{\end@float}
 because otherwise subsequent changes to \end@float
 (like done by several packages changing float behaviour)
 can't take effect on \endtable.
 Please complain to your document class author.

\subfigtopskip=\skip62
\subfigcapskip=\skip63
\subfigcaptopadj=\dimen146
\subfigbottomskip=\skip64
\subfigcapmargin=\dimen147
\subfiglabelskip=\skip65
\c@subfigure=\count119
\c@lofdepth=\count120
\c@subtable=\count121
\c@lotdepth=\count122
****************************************
* Local config file subfigure.cfg used *
****************************************
(/usr/share/texlive/texmf-dist/tex/latex/subfigure/subfigure.cfg)
\subfig@top=\skip66
\subfig@bottom=\skip67
)
(/usr/share/texlive/texmf-dist/tex/latex/pdfpages/pdfpages.sty
Package: pdfpages 2015/09/18 v0.5d Insert pages of external PDF documents (AM)

(/usr/share/texlive/texmf-dist/tex/latex/tools/calc.sty
Package: calc 2014/10/28 v4.3 Infix arithmetic (KKT,FJ)
\calc@Acount=\count123
\calc@Bcount=\count124
\calc@Adimen=\dimen148
\calc@Bdimen=\dimen149
\calc@Askip=\skip68
\calc@Bskip=\skip69
LaTeX Info: Redefining \setlength on input line 80.
LaTeX Info: Redefining \addtolength on input line 81.
\calc@Ccount=\count125
\calc@Cskip=\skip70
)
(/usr/share/texlive/texmf-dist/tex/latex/eso-pic/eso-pic.sty
Package: eso-pic 2015/07/21 v2.0g eso-pic (RN)
)
\AM@pagewidth=\dimen150
\AM@pageheight=\dimen151

(/usr/share/texlive/texmf-dist/tex/latex/pdfpages/pppdftex.def
File: pppdftex.def 2015/09/18 v0.5d Pdfpages driver for pdfTeX (AM)
)
\AM@pagebox=\box31
\AM@toc@title=\toks23
\c@AM@survey=\count126
\AM@templatesizebox=\box32
)
(/usr/share/texlive/texmf-dist/tex/latex/appendix/appendix.sty
Package: appendix 2009/09/02 v1.2b extra appendix facilities
\c@@pps=\count127
\c@@ppsavesec=\count128
\c@@ppsaveapp=\count129
)
(/usr/share/texlive/texmf-dist/tex/latex/algorithms/algorithm.sty
Package: algorithm 2009/08/24 v0.1 Document Style `algorithm' - floating enviro
nment

(/usr/share/texlive/texmf-dist/tex/latex/float/float.sty
Package: float 2001/11/08 v1.3d Float enhancements (AL)
\c@float@type=\count130
\float@exts=\toks24
\float@box=\box33
\@float@everytoks=\toks25
\@floatcapt=\box34
)
\@float@every@algorithm=\toks26
\c@algorithm=\count131
)
(/usr/share/texlive/texmf-dist/tex/latex/algorithmicx/algpseudocode.sty
Package: algpseudocode 

(/usr/share/texlive/texmf-dist/tex/latex/algorithmicx/algorithmicx.sty
Package: algorithmicx 2005/04/27 v1.2 Algorithmicx

Document Style algorithmicx 1.2 - a greatly improved `algorithmic' style
\c@ALG@line=\count132
\c@ALG@rem=\count133
\c@ALG@nested=\count134
\ALG@tlm=\skip71
\ALG@thistlm=\skip72
\c@ALG@Lnr=\count135
\c@ALG@blocknr=\count136
\c@ALG@storecount=\count137
\c@ALG@tmpcounter=\count138
\ALG@tmplength=\skip73
)
Document Style - pseudocode environments for use with the `algorithmicx' style
) (./main.aux

LaTeX Warning: Label `fig:needle_guide' multiply defined.

)
\openout1 = `main.aux'.

LaTeX Font Info:    Checking defaults for OML/cmm/m/it on input line 64.
LaTeX Font Info:    ... okay on input line 64.
LaTeX Font Info:    Checking defaults for T1/cmr/m/n on input line 64.
LaTeX Font Info:    ... okay on input line 64.
LaTeX Font Info:    Checking defaults for OT1/cmr/m/n on input line 64.
LaTeX Font Info:    ... okay on input line 64.
LaTeX Font Info:    Checking defaults for OMS/cmsy/m/n on input line 64.
LaTeX Font Info:    ... okay on input line 64.
LaTeX Font Info:    Checking defaults for OMX/cmex/m/n on input line 64.
LaTeX Font Info:    ... okay on input line 64.
LaTeX Font Info:    Checking defaults for U/cmr/m/n on input line 64.
LaTeX Font Info:    ... okay on input line 64.
LaTeX Font Info:    Checking defaults for PD1/pdf/m/n on input line 64.
LaTeX Font Info:    ... okay on input line 64.
 (/usr/share/texlive/texmf-dist/tex/context/base/supp-pdf.mkii
[Loading MPS to PDF converter (version 2006.09.02).]
\scratchcounter=\count139
\scratchdimen=\dimen152
\scratchbox=\box35
\nofMPsegments=\count140
\nofMParguments=\count141
\everyMPshowfont=\toks27
\MPscratchCnt=\count142
\MPscratchDim=\dimen153
\MPnumerator=\count143
\makeMPintoPDFobject=\count144
\everyMPtoPDFconversion=\toks28
) (/usr/share/texlive/texmf-dist/tex/latex/oberdiek/epstopdf-base.sty
Package: epstopdf-base 2010/02/09 v2.5 Base part for package epstopdf

(/usr/share/texlive/texmf-dist/tex/latex/oberdiek/grfext.sty
Package: grfext 2010/08/19 v1.1 Manage graphics extensions (HO)
)
Package grfext Info: Graphics extension search list:
(grfext)             [.png,.pdf,.jpg,.mps,.jpeg,.jbig2,.jb2,.PNG,.PDF,.JPG,.JPE
G,.JBIG2,.JB2,.eps]
(grfext)             \AppendGraphicsExtensions on input line 452.

(/usr/share/texlive/texmf-dist/tex/latex/latexconfig/epstopdf-sys.cfg
File: epstopdf-sys.cfg 2010/07/13 v1.3 Configuration of (r)epstopdf for TeX Liv
e
))
\AtBeginShipoutBox=\box36


Package hyperref Warning: Height of page (\paperheight) is invalid (0.0pt),
(hyperref)                using 11in.

Package hyperref Info: Link coloring OFF on input line 64.
(/usr/share/texlive/texmf-dist/tex/latex/hyperref/nameref.sty
Package: nameref 2012/10/27 v2.43 Cross-referencing by name of section

(/usr/share/texlive/texmf-dist/tex/generic/oberdiek/gettitlestring.sty
Package: gettitlestring 2010/12/03 v1.4 Cleanup title references (HO)
)
\c@section@level=\count145
)
LaTeX Info: Redefining \ref on input line 64.
LaTeX Info: Redefining \pageref on input line 64.
LaTeX Info: Redefining \nameref on input line 64.

(./main.out) (./main.out)
\@outlinefile=\write4
\openout4 = `main.out'.

Package caption Info: Begin \AtBeginDocument code.
Package caption Info: float package is loaded.
Package caption Info: subfigure package is loaded.
Package caption Info: End \AtBeginDocument code.

(/usr/share/texlive/texmf-dist/tex/latex/oberdiek/pdflscape.sty
Package: pdflscape 2008/08/11 v0.10 Display of landscape pages in PDF (HO)

(/usr/share/texlive/texmf-dist/tex/latex/graphics/lscape.sty
Package: lscape 2000/10/22 v3.01 Landscape Pages (DPC)
)
Package pdflscape Info: Auto-detected driver: pdftex on input line 80.
)
(./Chapters/chapter0.tex
LaTeX Font Info:    Try loading font information for U+msa on input line 7.

(/usr/share/texlive/texmf-dist/tex/latex/amsfonts/umsa.fd
File: umsa.fd 2013/01/14 v3.01 AMS symbols A
)
LaTeX Font Info:    Try loading font information for U+msb on input line 7.

(/usr/share/texlive/texmf-dist/tex/latex/amsfonts/umsb.fd
File: umsb.fd 2013/01/14 v3.01 AMS symbols B
)
LaTeX Font Info:    Try loading font information for OMS+cmr on input line 7.

(/usr/share/texlive/texmf-dist/tex/latex/base/omscmr.fd
File: omscmr.fd 2014/09/29 v2.5h Standard LaTeX font definitions
)
LaTeX Font Info:    Font shape `OMS/cmr/m/n' in size <12> not available
(Font)              Font shape `OMS/cmsy/m/n' tried instead on input line 7.

Underfull \vbox (badness 10000) detected at line 7
 []

[1


Non-PDF special ignored!{/var/lib/texmf/fonts/map/pdftex/updmap/pdftex.map}]
[2] [3

] (./main.toc [4

] [5])
\tf@toc=\write5
\openout5 = `main.toc'.

 [6] (./main.lof [7

])
\tf@lof=\write6
\openout6 = `main.lof'.

 [8])
(./Chapters/chapter1_intro.tex
Chapter 1.

LaTeX Warning: Citation `menard_mri_nodate' on page 1 undefined on input line 6
.

[1

] <Fig/placeholder.png, id=421, 628.3475pt x 480.79625pt>
File: Fig/placeholder.png Graphic file (type png)

<use Fig/placeholder.png>
Package pdftex.def Info: Fig/placeholder.png used on input line 9.
(pdftex.def)             Requested size: 433.62pt x 331.79378pt.
 [2 <./Fig/placeholder.png>] [3]
Overfull \hbox (8.94774pt too wide) in paragraph at lines 33--33
[]\OT1/cmr/bx/n/17.28 Imaging-Agnostic Nee-dle Tip Lo-cal-iza-tion Al-
 []

[4] [5] [6]
File: Fig/placeholder.png Graphic file (type png)
 <use Fig/placeholder.png>
Package pdftex.def Info: Fig/placeholder.png used on input line 53.
(pdftex.def)             Requested size: 433.62pt x 331.79378pt.
File: Fig/placeholder.png Graphic file (type png)
 <use Fig/placeholder.png>
Package pdftex.def Info: Fig/placeholder.png used on input line 59.
(pdftex.def)             Requested size: 433.62pt x 331.79378pt.


LaTeX Warning: `h' float specifier changed to `ht'.

[7] [8]
File: Fig/placeholder.png Graphic file (type png)
 <use Fig/placeholder.png>
Package pdftex.def Info: Fig/placeholder.png used on input line 79.
(pdftex.def)             Requested size: 433.62pt x 331.79378pt.
) (./Chapters/chapter2_priorart.tex [9]
Chapter 2.
<Fig/chap2/roesthius_needle_forces.png, id=470, 1285.80376pt x 393.47pt>
File: Fig/chap2/roesthius_needle_forces.png Graphic file (type png)

<use Fig/chap2/roesthius_needle_forces.png>
Package pdftex.def Info: Fig/chap2/roesthius_needle_forces.png used on input li
ne 13.
(pdftex.def)             Requested size: 433.62pt x 132.69131pt.


LaTeX Warning: `h' float specifier changed to `ht'.

<Fig/chap2/misra_tip_forces.png, id=473, 621.32124pt x 443.6575pt>
File: Fig/chap2/misra_tip_forces.png Graphic file (type png)

<use Fig/chap2/misra_tip_forces.png>
Package pdftex.def Info: Fig/chap2/misra_tip_forces.png used on input line 19.
(pdftex.def)             Requested size: 433.62pt x 309.63068pt.


LaTeX Warning: `h' float specifier changed to `ht'.

[10

]
<Fig/chap2/webster_nonholonomic_model.png, id=482, 1299.85625pt x 658.46pt>
File: Fig/chap2/webster_nonholonomic_model.png Graphic file (type png)

<use Fig/chap2/webster_nonholonomic_model.png>
Package pdftex.def Info: Fig/chap2/webster_nonholonomic_model.png used on input
 line 31.
(pdftex.def)             Requested size: 433.62pt x 219.65358pt.


LaTeX Warning: `h' float specifier changed to `ht'.

[11 <./Fig/chap2/roesthius_needle_forces.png>] [12 <./Fig/chap2/misra_tip_force
s.png>]
File: Fig/placeholder.png Graphic file (type png)
 <use Fig/placeholder.png>
Package pdftex.def Info: Fig/placeholder.png used on input line 44.
(pdftex.def)             Requested size: 433.62pt x 331.79378pt.


LaTeX Warning: `h' float specifier changed to `ht'.

[13 <./Fig/chap2/webster_nonholonomic_model.png>] [14]
File: Fig/placeholder.png Graphic file (type png)

<use Fig/placeholder.png>
Package pdftex.def Info: Fig/placeholder.png used on input line 57.
(pdftex.def)             Requested size: 433.62pt x 331.79378pt.
 [15] [16]
File: Fig/placeholder.png Graphic file (type png)
 <use Fig/placeholder.png>
Package pdftex.def Info: Fig/placeholder.png used on input line 74.
(pdftex.def)             Requested size: 433.62pt x 331.79378pt.

<Fig/chap2/actuated_tip_needle.png, id=541, 1307.88625pt x 998.73125pt>
File: Fig/chap2/actuated_tip_needle.png Graphic file (type png)

<use Fig/chap2/actuated_tip_needle.png>
Package pdftex.def Info: Fig/chap2/actuated_tip_needle.png used on input line 8
0.
(pdftex.def)             Requested size: 433.62pt x 331.1215pt.


LaTeX Warning: `h' float specifier changed to `ht'.

[17] <Fig/chap2/concentric_needle.png, id=555, 823.075pt x 384.43625pt>
File: Fig/chap2/concentric_needle.png Graphic file (type png)

<use Fig/chap2/concentric_needle.png>
Package pdftex.def Info: Fig/chap2/concentric_needle.png used on input line 92.

(pdftex.def)             Requested size: 433.62pt x 202.5301pt.
 [18 <./Fig/chap2/actuated_tip_needle.png>] [19 <./Fig/chap2/concentric_needle.
png>]
<Fig/chap2/patel_mri_tracking.png, id=568, 907.39pt x 705.63625pt>
File: Fig/chap2/patel_mri_tracking.png Graphic file (type png)

<use Fig/chap2/patel_mri_tracking.png>
Package pdftex.def Info: Fig/chap2/patel_mri_tracking.png used on input line 11
2.
(pdftex.def)             Requested size: 433.62pt x 337.20491pt.
 [20 <./Fig/chap2/patel_mri_tracking.png>]
File: Fig/placeholder.png Graphic file (type png)
 <use Fig/placeholder.png>
Package pdftex.def Info: Fig/placeholder.png used on input line 124.
(pdftex.def)             Requested size: 433.62pt x 331.79378pt.


LaTeX Warning: `h' float specifier changed to `ht'.

<Fig/chap2/needlefinder.png, id=580, 1675.25874pt x 694.595pt>
File: Fig/chap2/needlefinder.png Graphic file (type png)

<use Fig/chap2/needlefinder.png>
Package pdftex.def Info: Fig/chap2/needlefinder.png used on input line 133.
(pdftex.def)             Requested size: 433.62pt x 179.78494pt.
 [21]

LaTeX Warning: `h' float specifier changed to `ht'.

[22]
File: Fig/placeholder.png Graphic file (type png)
 <use Fig/placeholder.png>
Package pdftex.def Info: Fig/placeholder.png used on input line 146.
(pdftex.def)             Requested size: 433.62pt x 331.79378pt.


LaTeX Warning: `h' float specifier changed to `ht'.

Missing character: There is no ‚ in font cmr12!
Missing character: There is no Ä in font cmr12!
Missing character: There is no ô in font cmr12!
) (./Chapters/chapter3_needlemodeling.tex [23 <./Fig/chap2/needlefinder.png>]
[24]
Chapter 3.
[25

] [26] [27] [28] [29] [30] [31] [32] [33]
Missing character: There is no ‚ in font cmr12!
Missing character: There is no Ä in font cmr12!
Missing character: There is no ú in font cmr12!
Missing character: There is no ‚ in font cmr12!
Missing character: There is no Ä in font cmr12!
Missing character: There is no ù in font cmr12!
 [34]
<Fig/chap3/Update_Curve_Fit.png, id=691, 963.6pt x 722.7pt>
File: Fig/chap3/Update_Curve_Fit.png Graphic file (type png)

<use Fig/chap3/Update_Curve_Fit.png>
Package pdftex.def Info: Fig/chap3/Update_Curve_Fit.png used on input line 226.

(pdftex.def)             Requested size: 433.62pt x 325.21199pt.
Package hyperref Info: bookmark level for unknown algorithm defaults to 0 on in
put line 232.

<Fig/chap3/curvefit_pt1.png, id=693, 1147.28625pt x 763.85374pt>
File: Fig/chap3/curvefit_pt1.png Graphic file (type png)

<use Fig/chap3/curvefit_pt1.png>
Package pdftex.def Info: Fig/chap3/curvefit_pt1.png used on input line 250.
(pdftex.def)             Requested size: 433.62pt x 288.69394pt.


LaTeX Warning: `h' float specifier changed to `ht'.

<Fig/chap3/curvefit_pt2.png, id=694, 1152.305pt x 744.7825pt>
File: Fig/chap3/curvefit_pt2.png Graphic file (type png)

<use Fig/chap3/curvefit_pt2.png>
Package pdftex.def Info: Fig/chap3/curvefit_pt2.png used on input line 256.
(pdftex.def)             Requested size: 433.62pt x 280.2701pt.


LaTeX Warning: `h' float specifier changed to `ht'.

<Fig/chap3/curvefit_pt3.png, id=695, 1154.3125pt x 748.7975pt>
File: Fig/chap3/curvefit_pt3.png Graphic file (type png)

<use Fig/chap3/curvefit_pt3.png>
Package pdftex.def Info: Fig/chap3/curvefit_pt3.png used on input line 262.
(pdftex.def)             Requested size: 433.62pt x 281.28967pt.


LaTeX Warning: `h' float specifier changed to `ht'.

) (./Chapters/chapter4_mritracking.tex [35 <./Fig/chap3/Update_Curve_Fit.png>]
[36 <./Fig/chap3/curvefit_pt1.png>] [37 <./Fig/chap3/curvefit_pt2.png>]
[38 <./Fig/chap3/curvefit_pt3.png>]
Chapter 4.
[39

]
<Fig/chap5/MRI_software_architecture.png, id=723, 1092.08pt x 408.52625pt>
File: Fig/chap5/MRI_software_architecture.png Graphic file (type png)

<use Fig/chap5/MRI_software_architecture.png>
Package pdftex.def Info: Fig/chap5/MRI_software_architecture.png used on input 
line 14.
(pdftex.def)             Requested size: 433.62pt x 162.21075pt.
File: Fig/placeholder.png Graphic file (type png)
 <use Fig/placeholder.png>
Package pdftex.def Info: Fig/placeholder.png used on input line 20.
(pdftex.def)             Requested size: 433.62pt x 331.79378pt.


LaTeX Warning: `h' float specifier changed to `ht'.

[40 <./Fig/chap5/MRI_software_architecture.png>] [41]
<Fig/chap5/phantom_with_needle_guide_small_2.jpg, id=734, 2168.1pt x 1220.56pt>
File: Fig/chap5/phantom_with_needle_guide_small_2.jpg Graphic file (type jpg)
<use Fig/chap5/phantom_with_needle_guide_small_2.jpg>
Package pdftex.def Info: Fig/chap5/phantom_with_needle_guide_small_2.jpg used o
n input line 59.
(pdftex.def)             Requested size: 433.62pt x 244.10767pt.


LaTeX Warning: `h' float specifier changed to `ht'.

[42] [43 <./Fig/chap5/phantom_with_needle_guide_small_2.jpg>]
<Fig/chap5/segmented_artifact_2001.png, id=745, 1174.3875pt x 660.4675pt>
File: Fig/chap5/segmented_artifact_2001.png Graphic file (type png)

<use Fig/chap5/segmented_artifact_2001.png>
Package pdftex.def Info: Fig/chap5/segmented_artifact_2001.png used on input li
ne 79.
(pdftex.def)             Requested size: 433.62pt x 243.86525pt.

<Fig/chap5/neutral_axis_2001_b.png, id=746, 709.65125pt x 626.34pt>
File: Fig/chap5/neutral_axis_2001_b.png Graphic file (type png)

<use Fig/chap5/neutral_axis_2001_b.png>
Package pdftex.def Info: Fig/chap5/neutral_axis_2001_b.png used on input line 8
5.
(pdftex.def)             Requested size: 433.62pt x 382.72627pt.


LaTeX Warning: `h' float specifier changed to `ht'.

[44 <./Fig/chap5/segmented_artifact_2001.png>] [45 <./Fig/chap5/neutral_axis_20
01_b.png>]
<Fig/chap5/errors_polynomials_3_samples.png, id=756, 521.0667pt x 402.5439pt>
File: Fig/chap5/errors_polynomials_3_samples.png Graphic file (type png)

<use Fig/chap5/errors_polynomials_3_samples.png>
Package pdftex.def Info: Fig/chap5/errors_polynomials_3_samples.png used on inp
ut line 97.
(pdftex.def)             Requested size: 433.62pt x 334.9897pt.
File: Fig/placeholder.png Graphic file (type png)
 <use Fig/placeholder.png>
Package pdftex.def Info: Fig/placeholder.png used on input line 103.
(pdftex.def)             Requested size: 433.62pt x 331.79378pt.


LaTeX Warning: `h' float specifier changed to `ht'.

[46 <./Fig/chap5/errors_polynomials_3_samples.png>] [47]
<Fig/chap5/scan_slices.png, id=772, 2319.66624pt x 2029.5825pt>
File: Fig/chap5/scan_slices.png Graphic file (type png)

<use Fig/chap5/scan_slices.png>
Package pdftex.def Info: Fig/chap5/scan_slices.png used on input line 138.
(pdftex.def)             Requested size: 433.62pt x 379.36897pt.

<Fig/chap5/insertions.png, id=773, 2231.33624pt x 2023.56pt>
File: Fig/chap5/insertions.png Graphic file (type png)

<use Fig/chap5/insertions.png>
Package pdftex.def Info: Fig/chap5/insertions.png used on input line 144.
(pdftex.def)             Requested size: 433.62pt x 393.21858pt.


LaTeX Warning: `h' float specifier changed to `ht'.

<Fig/chap5/error_curve_3_10.png, id=774, 521.0667pt x 402.5439pt>
File: Fig/chap5/error_curve_3_10.png Graphic file (type png)

<use Fig/chap5/error_curve_3_10.png>
Package pdftex.def Info: Fig/chap5/error_curve_3_10.png used on input line 150.

(pdftex.def)             Requested size: 433.62pt x 334.9897pt.


LaTeX Warning: `h' float specifier changed to `ht'.

<Fig/chap5/error_curve_3_var.png, id=775, 521.0667pt x 402.5439pt>
File: Fig/chap5/error_curve_3_var.png Graphic file (type png)

<use Fig/chap5/error_curve_3_var.png>
Package pdftex.def Info: Fig/chap5/error_curve_3_var.png used on input line 156
.
(pdftex.def)             Requested size: 433.62pt x 334.9897pt.


LaTeX Warning: `h' float specifier changed to `ht'.

) (./Chapters/chapter6_conclusions.tex [48 <./Fig/chap5/scan_slices.png>]
[49 <./Fig/chap5/insertions.png>] [50 <./Fig/chap5/error_curve_3_10.png>]
[51 <./Fig/chap5/error_curve_3_var.png>]
Chapter 5.
[52

] [53] [54]) (./main.bbl [55]
** WARNING: IEEEtran.bst: No hyphenation pattern has been
** loaded for the language `en'. Using the pattern for
** the default language instead.
** WARNING: IEEEtran.bst: No hyphenation pattern has been
** loaded for the language `en'. Using the pattern for
** the default language instead.
** WARNING: IEEEtran.bst: No hyphenation pattern has been
** loaded for the language `en'. Using the pattern for
** the default language instead.
** WARNING: IEEEtran.bst: No hyphenation pattern has been
** loaded for the language `en'. Using the pattern for
** the default language instead.
** WARNING: IEEEtran.bst: No hyphenation pattern has been
** loaded for the language `English'. Using the pattern for
** the default language instead.
** WARNING: IEEEtran.bst: No hyphenation pattern has been
** loaded for the language `English'. Using the pattern for
** the default language instead.
[56

]
** WARNING: IEEEtran.bst: No hyphenation pattern has been
** loaded for the language `eng'. Using the pattern for
** the default language instead.
** WARNING: IEEEtran.bst: No hyphenation pattern has been
** loaded for the language `eng'. Using the pattern for
** the default language instead.
** WARNING: IEEEtran.bst: No hyphenation pattern has been
** loaded for the language `eng'. Using the pattern for
** the default language instead.
** WARNING: IEEEtran.bst: No hyphenation pattern has been
** loaded for the language `eng'. Using the pattern for
** the default language instead.
[57]
** WARNING: IEEEtran.bst: No hyphenation pattern has been
** loaded for the language `eng'. Using the pattern for
** the default language instead.
** WARNING: IEEEtran.bst: No hyphenation pattern has been
** loaded for the language `eng'. Using the pattern for
** the default language instead.
** WARNING: IEEEtran.bst: No hyphenation pattern has been
** loaded for the language `en'. Using the pattern for
** the default language instead.
** WARNING: IEEEtran.bst: No hyphenation pattern has been
** loaded for the language `en'. Using the pattern for
** the default language instead.
** WARNING: IEEEtran.bst: No hyphenation pattern has been
** loaded for the language `en'. Using the pattern for
** the default language instead.
** WARNING: IEEEtran.bst: No hyphenation pattern has been
** loaded for the language `en'. Using the pattern for
** the default language instead.
** WARNING: IEEEtran.bst: No hyphenation pattern has been
** loaded for the language `en'. Using the pattern for
** the default language instead.
** WARNING: IEEEtran.bst: No hyphenation pattern has been
** loaded for the language `en'. Using the pattern for
** the default language instead.
[58]
** WARNING: IEEEtran.bst: No hyphenation pattern has been
** loaded for the language `en'. Using the pattern for
** the default language instead.
** WARNING: IEEEtran.bst: No hyphenation pattern has been
** loaded for the language `en'. Using the pattern for
** the default language instead.
** WARNING: IEEEtran.bst: No hyphenation pattern has been
** loaded for the language `en'. Using the pattern for
** the default language instead.
[59]
** WARNING: IEEEtran.bst: No hyphenation pattern has been
** loaded for the language `en'. Using the pattern for
** the default language instead.
** WARNING: IEEEtran.bst: No hyphenation pattern has been
** loaded for the language `en'. Using the pattern for
** the default language instead.
)
Package atveryend Info: Empty hook `BeforeClearDocument' on input line 92.
 [60]
Package atveryend Info: Empty hook `AfterLastShipout' on input line 92.
 (./main.aux)
Package atveryend Info: Executing hook `AtVeryEndDocument' on input line 92.
Package atveryend Info: Executing hook `AtEndAfterFileList' on input line 92.
Package rerunfilecheck Info: File `main.out' has not changed.
(rerunfilecheck)             Checksum: 43DFDF9B466ABE569C508A2BAB170F29;3442.


LaTeX Warning: There were undefined references.


LaTeX Warning: There were multiply-defined labels.

Package atveryend Info: Empty hook `AtVeryVeryEnd' on input line 92.
 ) 
Here is how much of TeX's memory you used:
 10384 strings out of 494910
 156744 string characters out of 6179836
 256206 words of memory out of 5000000
 13249 multiletter control sequences out of 15000+600000
 12284 words of font info for 45 fonts, out of 8000000 for 9000
 36 hyphenation exceptions out of 8191
 36i,12n,44p,1171b,555s stack positions out of 5000i,500n,10000p,200000b,80000s
</usr/share/texlive/texmf-dist/fonts/type1/public/amsfonts/cm/cmbx12.pfb></us
r/share/texlive/texmf-dist/fonts/type1/public/amsfonts/cm/cmcsc10.pfb></usr/sha
re/texlive/texmf-dist/fonts/type1/public/amsfonts/cm/cmex10.pfb></usr/share/tex
live/texmf-dist/fonts/type1/public/amsfonts/cm/cmmi12.pfb></usr/share/texlive/t
exmf-dist/fonts/type1/public/amsfonts/cm/cmmi6.pfb></usr/share/texlive/texmf-di
st/fonts/type1/public/amsfonts/cm/cmmi8.pfb></usr/share/texlive/texmf-dist/font
s/type1/public/amsfonts/cm/cmr10.pfb></usr/share/texlive/texmf-dist/fonts/type1
/public/amsfonts/cm/cmr12.pfb></usr/share/texlive/texmf-dist/fonts/type1/public
/amsfonts/cm/cmr8.pfb></usr/share/texlive/texmf-dist/fonts/type1/public/amsfont
s/cm/cmsy10.pfb></usr/share/texlive/texmf-dist/fonts/type1/public/amsfonts/cm/c
msy8.pfb></usr/share/texlive/texmf-dist/fonts/type1/public/amsfonts/cm/cmti12.p
fb>
Output written on main.pdf (68 pages, 4342975 bytes).
PDF statistics:
 924 PDF objects out of 1000 (max. 8388607)
 794 compressed objects within 8 object streams
 208 named destinations out of 1000 (max. 500000)
 514 words of extra memory for PDF output out of 10000 (max. 10000000)

