\BOOKMARK [0][-]{chapter*.1}{Abstract}{}% 1
\BOOKMARK [0][-]{chapter*.2}{Acknowledgments}{}% 2
\BOOKMARK [0][-]{chapter*.5}{List of Tables}{}% 3
\BOOKMARK [0][-]{chapter*.6}{List of Figures}{}% 4
\BOOKMARK [0][-]{chapter.1}{Introduction}{}% 5
\BOOKMARK [1][-]{section.1.1}{Background}{chapter.1}% 6
\BOOKMARK [2][-]{subsection.1.1.1}{Sub Section 1}{section.1.1}% 7
\BOOKMARK [2][-]{subsection.1.1.2}{Sub Section 2}{section.1.1}% 8
\BOOKMARK [1][-]{section.1.2}{Literature Review}{chapter.1}% 9
\BOOKMARK [1][-]{section.1.3}{Dissertation Contributions}{chapter.1}% 10
\BOOKMARK [1][-]{section.1.4}{Dissertation Overview}{chapter.1}% 11
\BOOKMARK [0][-]{chapter.2}{My Work}{}% 12
\BOOKMARK [1][-]{section.2.1}{Introduction}{chapter.2}% 13
\BOOKMARK [2][-]{subsection.2.1.1}{Sub Section 1}{section.2.1}% 14
\BOOKMARK [2][-]{subsection.2.1.2}{Sub Section 2}{section.2.1}% 15
\BOOKMARK [1][-]{section.2.2}{My Work Part 1}{chapter.2}% 16
\BOOKMARK [1][-]{section.2.3}{My Work Part 2}{chapter.2}% 17
\BOOKMARK [1][-]{section.2.4}{My Work Part 3}{chapter.2}% 18
\BOOKMARK [1][-]{section.2.5}{Discussion and Conclusions}{chapter.2}% 19
\BOOKMARK [0][-]{chapter.3}{Conclusions and Future Extension}{}% 20
\BOOKMARK [1][-]{section.3.1}{Summary of Work and Contributions}{chapter.3}% 21
\BOOKMARK [1][-]{section.3.2}{Impact and Future Work}{chapter.3}% 22
\BOOKMARK [0][-]{chapter*.8}{References}{}% 23
